TN:
SF:app.js
FN:31,(anonymous_0)
FN:35,(anonymous_1)
FN:44,(anonymous_2)
FNF:3
FNH:0
FNDA:0,(anonymous_0)
FNDA:0,(anonymous_1)
FNDA:0,(anonymous_2)
DA:1,2
DA:2,2
DA:3,2
DA:4,2
DA:5,2
DA:6,2
DA:7,2
DA:8,2
DA:9,2
DA:11,2
DA:13,2
DA:15,2
DA:17,2
DA:19,2
DA:20,2
DA:21,2
DA:22,2
DA:23,2
DA:24,2
DA:26,2
DA:28,2
DA:29,2
DA:31,2
DA:32,0
DA:35,2
DA:36,0
DA:37,0
DA:44,2
DA:45,0
DA:48,2
LF:30
LH:26
BRDA:17,0,0,0
BRDA:17,0,1,2
BRDA:21,1,0,2
BRDA:21,1,1,0
BRDA:36,2,0,0
BRDA:36,2,1,0
BRDA:38,3,0,0
BRDA:38,3,1,0
BRF:8
BRH:2
end_of_record
TN:
SF:config\passport.js
FN:12,(anonymous_0)
FNF:1
FNH:1
FNDA:4,(anonymous_0)
DA:1,3
DA:2,3
DA:3,3
DA:4,3
DA:5,3
DA:7,3
DA:8,3
DA:9,3
DA:11,3
DA:13,4
DA:14,4
DA:15,4
DA:16,0
DA:18,4
DA:19,0
DA:21,4
DA:23,0
LF:17
LH:14
BRDA:15,0,0,0
BRDA:15,0,1,4
BRDA:18,1,0,0
BRDA:18,1,1,4
BRF:4
BRH:2
end_of_record
TN:
SF:controllers\contacts.js
FN:4,(anonymous_0)
FN:21,(anonymous_1)
FN:42,(anonymous_2)
FN:54,(anonymous_3)
FN:77,(anonymous_4)
FNF:5
FNH:4
FNDA:1,(anonymous_0)
FNDA:2,(anonymous_1)
FNDA:1,(anonymous_2)
FNDA:0,(anonymous_3)
FNDA:3,(anonymous_4)
DA:1,3
DA:2,3
DA:4,3
DA:5,1
DA:6,1
DA:7,1
DA:11,1
DA:17,0
DA:21,3
DA:22,2
DA:23,2
DA:24,2
DA:25,2
DA:26,1
DA:32,1
DA:38,0
DA:42,3
DA:43,1
DA:44,1
DA:45,1
DA:46,1
DA:50,0
DA:54,3
DA:55,0
DA:56,0
DA:57,0
DA:59,0
DA:60,0
DA:61,0
DA:67,0
DA:73,0
DA:77,3
DA:78,3
DA:79,3
DA:80,3
DA:85,2
DA:86,1
DA:92,1
DA:98,1
DA:102,3
LF:40
LH:29
BRDA:25,0,0,1
BRDA:25,0,1,1
BRDA:59,1,0,0
BRDA:59,1,1,0
BRDA:85,2,0,1
BRDA:85,2,1,1
BRF:6
BRH:4
end_of_record
TN:
SF:controllers\users.js
FN:13,(anonymous_0)
FN:34,(anonymous_1)
FN:63,(anonymous_2)
FN:73,(anonymous_3)
FN:86,(anonymous_4)
FN:109,(anonymous_5)
FN:153,(anonymous_6)
FNF:7
FNH:2
FNDA:2,(anonymous_0)
FNDA:1,(anonymous_1)
FNDA:0,(anonymous_2)
FNDA:0,(anonymous_3)
FNDA:0,(anonymous_4)
FNDA:0,(anonymous_5)
FNDA:0,(anonymous_6)
DA:1,2
DA:2,2
DA:3,2
DA:4,2
DA:5,2
DA:7,2
DA:9,2
DA:11,2
DA:13,2
DA:14,2
DA:15,2
DA:16,2
DA:17,1
DA:23,1
DA:24,1
DA:30,0
DA:34,2
DA:35,1
DA:36,1
DA:37,1
DA:38,1
DA:39,0
DA:45,1
DA:46,1
DA:47,1
DA:48,1
DA:50,1
DA:59,0
DA:63,2
DA:64,0
DA:65,0
DA:66,0
DA:67,0
DA:69,0
DA:73,2
DA:74,0
DA:75,0
DA:77,0
DA:83,0
DA:86,2
DA:87,0
DA:88,0
DA:90,0
DA:91,0
DA:92,0
DA:98,0
DA:104,0
DA:109,2
DA:110,0
DA:111,0
DA:112,0
DA:113,0
DA:115,0
DA:116,0
DA:118,0
DA:120,0
DA:121,0
DA:127,0
DA:153,2
DA:154,0
DA:155,0
DA:156,0
DA:160,0
DA:164,2
LF:64
LH:31
BRDA:16,0,0,1
BRDA:16,0,1,1
BRDA:38,1,0,0
BRDA:38,1,1,1
BRDA:38,2,0,1
BRDA:38,2,1,1
BRDA:90,3,0,0
BRDA:90,3,1,0
BRF:8
BRH:5
end_of_record
TN:
SF:helpers\constants.js
FN:23,(anonymous_0)
FNF:1
FNH:0
FNDA:0,(anonymous_0)
DA:1,4
DA:7,4
DA:20,4
DA:24,0
DA:32,4
LF:5
LH:4
BRF:0
BRH:0
end_of_record
TN:
SF:helpers\create-folder.js
FN:3,(anonymous_0)
FN:6,(anonymous_1)
FN:7,(anonymous_2)
FN:10,(anonymous_3)
FNF:4
FNH:0
FNDA:0,(anonymous_0)
FNDA:0,(anonymous_1)
FNDA:0,(anonymous_2)
FNDA:0,(anonymous_3)
DA:1,2
DA:3,2
DA:4,0
DA:6,0
DA:7,0
DA:10,2
DA:11,0
DA:12,0
DA:16,2
LF:9
LH:4
BRDA:11,0,0,0
BRDA:11,0,1,0
BRF:2
BRH:0
end_of_record
TN:
SF:helpers\guard.js
FN:5,(anonymous_0)
FN:6,(anonymous_1)
FNF:2
FNH:2
FNDA:7,(anonymous_0)
FNDA:7,(anonymous_1)
DA:1,3
DA:2,3
DA:3,3
DA:5,3
DA:6,7
DA:7,7
DA:8,7
DA:9,7
DA:10,7
DA:12,7
DA:13,1
DA:19,6
DA:20,6
DA:24,3
LF:14
LH:14
BRDA:9,0,0,7
BRDA:9,0,1,0
BRDA:12,1,0,1
BRDA:12,1,1,6
BRDA:12,2,0,7
BRDA:12,2,1,7
BRDA:12,2,2,6
BRF:7
BRH:6
end_of_record
TN:
SF:helpers\upload.js
FN:9,(anonymous_0)
FN:12,(anonymous_1)
FN:20,(anonymous_2)
FNF:3
FNH:0
FNDA:0,(anonymous_0)
FNDA:0,(anonymous_1)
FNDA:0,(anonymous_2)
DA:1,2
DA:2,2
DA:4,2
DA:6,2
DA:8,2
DA:10,0
DA:13,0
DA:17,2
DA:21,0
DA:22,0
DA:23,0
DA:25,0
DA:26,0
DA:27,0
DA:31,2
LF:15
LH:7
BRDA:21,0,0,0
BRDA:21,0,1,0
BRF:2
BRH:0
end_of_record
TN:
SF:model\contact.js
FN:33,(anonymous_0)
FNF:1
FNH:1
FNDA:2,(anonymous_0)
DA:1,3
DA:2,3
DA:4,3
DA:33,3
DA:34,2
DA:37,3
DA:38,3
DA:40,3
LF:8
LH:8
BRF:0
BRH:0
end_of_record
TN:
SF:model\db.js
FN:19,(anonymous_0)
FN:23,(anonymous_1)
FN:27,(anonymous_2)
FN:31,(anonymous_3)
FN:32,(anonymous_4)
FNF:5
FNH:0
FNDA:0,(anonymous_0)
FNDA:0,(anonymous_1)
FNDA:0,(anonymous_2)
FNDA:0,(anonymous_3)
FNDA:0,(anonymous_4)
DA:1,2
DA:2,2
DA:3,2
DA:5,2
DA:6,2
DA:8,0
DA:11,2
DA:18,2
DA:19,0
DA:20,0
DA:23,0
DA:24,0
DA:27,0
DA:28,0
DA:31,2
DA:32,0
DA:33,0
DA:34,0
DA:38,2
LF:19
LH:9
BRDA:5,0,0,2
BRDA:5,0,1,0
BRDA:18,1,0,0
BRDA:18,1,1,2
BRF:4
BRH:2
end_of_record
TN:
SF:model\user.js
FN:18,(anonymous_0)
FN:34,(anonymous_1)
FN:46,(anonymous_2)
FN:50,(anonymous_3)
FN:58,(anonymous_4)
FNF:5
FNH:4
FNDA:2,(anonymous_0)
FNDA:2,(anonymous_1)
FNDA:0,(anonymous_2)
FNDA:2,(anonymous_3)
FNDA:1,(anonymous_4)
DA:1,3
DA:2,3
DA:3,3
DA:5,3
DA:6,3
DA:8,3
DA:19,2
DA:20,2
DA:35,2
DA:46,3
DA:47,0
DA:50,3
DA:51,2
DA:52,2
DA:53,2
DA:55,2
DA:58,3
DA:59,1
DA:62,3
DA:64,3
LF:20
LH:19
BRDA:51,0,0,2
BRDA:51,0,1,0
BRF:2
BRH:1
end_of_record
TN:
SF:repositiries\contacts.js
FN:3,(anonymous_0)
FN:33,(anonymous_1)
FN:44,(anonymous_2)
FN:52,(anonymous_3)
FN:57,(anonymous_4)
FNF:5
FNH:3
FNDA:1,(anonymous_0)
FNDA:2,(anonymous_1)
FNDA:0,(anonymous_2)
FNDA:1,(anonymous_3)
FNDA:0,(anonymous_4)
DA:1,3
DA:3,3
DA:12,1
DA:13,1
DA:14,1
DA:15,0
DA:17,1
DA:30,1
DA:33,3
DA:34,2
DA:41,2
DA:44,3
DA:45,0
DA:49,0
DA:52,3
DA:53,1
DA:54,1
DA:57,3
DA:58,0
DA:63,0
DA:66,3
LF:21
LH:16
BRDA:8,0,0,1
BRDA:9,1,0,1
BRDA:10,2,0,1
BRDA:11,3,0,1
BRDA:14,4,0,0
BRDA:14,4,1,1
BRDA:21,5,0,0
BRDA:21,5,1,1
BRDA:22,6,0,0
BRDA:22,6,1,1
BRF:10
BRH:7
end_of_record
TN:
SF:repositiries\users.js
FN:3,(anonymous_0)
FN:7,(anonymous_1)
FN:11,(anonymous_2)
FN:16,(anonymous_3)
FN:20,(anonymous_4)
FN:29,(anonymous_5)
FN:33,(anonymous_6)
FNF:7
FNH:4
FNDA:4,(anonymous_0)
FNDA:3,(anonymous_1)
FNDA:1,(anonymous_2)
FNDA:2,(anonymous_3)
FNDA:0,(anonymous_4)
FNDA:0,(anonymous_5)
FNDA:0,(anonymous_6)
DA:1,3
DA:3,3
DA:4,4
DA:7,3
DA:8,3
DA:11,3
DA:12,1
DA:13,1
DA:16,3
DA:17,2
DA:20,3
DA:21,0
DA:26,0
DA:29,3
DA:30,0
DA:33,3
DA:34,0
DA:35,0
DA:38,3
LF:19
LH:14
BRDA:29,0,0,0
BRF:1
BRH:0
end_of_record
TN:
SF:routes\api\contacts\index.js
FNF:0
FNH:0
DA:1,2
DA:2,2
DA:3,2
DA:4,2
DA:11,2
DA:13,2
DA:17,2
DA:28,2
DA:36,2
LF:9
LH:9
BRF:0
BRH:0
end_of_record
TN:
SF:routes\api\contacts\validation.js
FN:36,(anonymous_0)
FN:46,(anonymous_1)
FN:49,(anonymous_2)
FN:52,(anonymous_3)
FN:55,(anonymous_4)
FNF:5
FNH:3
FNDA:1,(anonymous_0)
FNDA:1,(anonymous_1)
FNDA:0,(anonymous_2)
FNDA:0,(anonymous_3)
FNDA:2,(anonymous_4)
DA:1,2
DA:2,2
DA:4,2
DA:17,2
DA:32,2
DA:36,2
DA:37,1
DA:38,1
DA:39,1
DA:41,0
DA:45,2
DA:47,1
DA:50,0
DA:53,0
DA:56,2
DA:57,0
DA:59,2
LF:17
LH:13
BRDA:56,0,0,0
BRDA:56,0,1,2
BRF:2
BRH:1
end_of_record
TN:
SF:routes\api\users\index.js
FNF:0
FNH:0
DA:1,2
DA:2,2
DA:3,2
DA:4,2
DA:5,2
DA:6,2
DA:8,2
DA:9,2
DA:10,2
DA:11,2
DA:12,2
DA:15,2
DA:17,2
LF:13
LH:13
BRF:0
BRH:0
end_of_record
TN:
SF:routes\api\users\validation.js
FN:12,(anonymous_0)
FN:22,(anonymous_1)
FNF:2
FNH:0
FNDA:0,(anonymous_0)
FNDA:0,(anonymous_1)
DA:1,2
DA:2,2
DA:3,2
DA:5,2
DA:12,2
DA:13,0
DA:14,0
DA:15,0
DA:17,0
DA:21,2
DA:23,0
LF:11
LH:6
BRF:0
BRH:0
end_of_record
TN:
SF:services\local-upload.js
FN:7,(anonymous_0)
FN:10,(anonymous_1)
FN:21,(anonymous_2)
FNF:3
FNH:0
FNDA:0,(anonymous_0)
FNDA:0,(anonymous_1)
FNDA:0,(anonymous_2)
DA:1,2
DA:2,2
DA:3,2
DA:4,2
DA:8,0
DA:11,0
DA:12,0
DA:22,0
DA:23,0
DA:24,0
DA:25,0
DA:26,0
DA:30,2
LF:13
LH:5
BRF:0
BRH:0
end_of_record
TN:
SF:test\data\data.js
FNF:0
FNH:0
DA:1,2
DA:7,2
DA:12,2
DA:18,2
LF:4
LH:4
BRF:0
BRH:0
end_of_record
